<?xml version="1.0" encoding="UTF-8"?>
<testsuites>
    <testsuite name="google-search-testing;google-search-for-voter-cards-app" tests="2" failures="1" skipped="0">
        <properties>
            <property name="URI" value="D:/Documents/S6/ASW/Practicas/dechat_es6a2/features/google-search.feature">
            </property>
        </properties>
        <testcase name="When I search Google for &quot;itunes vote cards app&quot;" classname="google-search-testing;google-search-for-voter-cards-app" time="7.788584668">
        </testcase>
        <testcase name="Then I should see &quot;Vote Cards&quot; in the result" classname="google-search-testing;google-search-for-voter-cards-app" time="0.048287701">
            <failure message="TypeError: Wait condition must be a promise-like object, function, or a Condition object">TypeError: Wait condition must be a promise-like object, function, or a Condition object
    at thenableWebDriverProxy.wait (D:\Documents\S6\ASW\Practicas\dechat_es6a2\node_modules\selenium-webdriver\lib\webdriver.js:809:13)
    at createWorld.&lt;anonymous&gt; (D:\Documents\S6\ASW\Practicas\dechat_es6a2\step-definitions\google-search-steps.js:17:23)
    at process._tickCallback (internal/process/next_tick.js:61:11)</failure>
        </testcase>
    </testsuite>
    <testsuite name="google-search-testing;i-evaluate-search-for-sum-of-1+1" tests="2" failures="1" skipped="1">
        <properties>
            <property name="URI" value="D:/Documents/S6/ASW/Practicas/dechat_es6a2/features/google-search.feature">
            </property>
        </properties>
        <testcase name="When I enter &quot;1+1&quot; in input" classname="google-search-testing;i-evaluate-search-for-sum-of-1+1" time="3.79876938">
            <failure message="NoSuchWindowError: no such window: target window already closed">NoSuchWindowError: no such window: target window already closed
from unknown error: web view not found
  (Session info: chrome=73.0.3683.86)
  (Driver info: chromedriver=2.46.628402 (536cd7adbad73a3783fdc2cab92ab2ba7ec361e1),platform=Windows NT 10.0.17134 x86_64)
    at Object.checkLegacyResponse (D:\Documents\S6\ASW\Practicas\dechat_es6a2\node_modules\selenium-cucumber-js\node_modules\selenium-webdriver\lib\error.js:529:15)
    at parseHttpResponse (D:\Documents\S6\ASW\Practicas\dechat_es6a2\node_modules\selenium-cucumber-js\node_modules\selenium-webdriver\lib\http.js:509:13)
    at doSend.then.response (D:\Documents\S6\ASW\Practicas\dechat_es6a2\node_modules\selenium-cucumber-js\node_modules\selenium-webdriver\lib\http.js:441:30)
    at process._tickCallback (internal/process/next_tick.js:68:7)
From: Task: WebDriver.findElements(By(css selector, body))
    at thenableWebDriverProxy.schedule (D:\Documents\S6\ASW\Practicas\dechat_es6a2\node_modules\selenium-cucumber-js\node_modules\selenium-webdriver\lib\webdriver.js:807:17)
    at thenableWebDriverProxy.findElements (D:\Documents\S6\ASW\Practicas\dechat_es6a2\node_modules\selenium-cucumber-js\node_modules\selenium-webdriver\lib\webdriver.js:1048:22)
    at D:\Documents\S6\ASW\Practicas\dechat_es6a2\node_modules\selenium-cucumber-js\node_modules\selenium-webdriver\lib\until.js:243:23
    at D:\Documents\S6\ASW\Practicas\dechat_es6a2\node_modules\selenium-cucumber-js\node_modules\selenium-webdriver\lib\webdriver.js:938:14
    at TaskQueue.execute_ (D:\Documents\S6\ASW\Practicas\dechat_es6a2\node_modules\selenium-cucumber-js\node_modules\selenium-webdriver\lib\promise.js:3092:14)
    at TaskQueue.executeNext_ (D:\Documents\S6\ASW\Practicas\dechat_es6a2\node_modules\selenium-cucumber-js\node_modules\selenium-webdriver\lib\promise.js:3075:27)
    at asyncRun (D:\Documents\S6\ASW\Practicas\dechat_es6a2\node_modules\selenium-cucumber-js\node_modules\selenium-webdriver\lib\promise.js:2982:25)
    at D:\Documents\S6\ASW\Practicas\dechat_es6a2\node_modules\selenium-cucumber-js\node_modules\selenium-webdriver\lib\promise.js:676:7
    at process._tickCallback (internal/process/next_tick.js:68:7)
From: Task: &lt;anonymous&gt;
    at pollCondition (D:\Documents\S6\ASW\Practicas\dechat_es6a2\node_modules\selenium-cucumber-js\node_modules\selenium-webdriver\lib\promise.js:2203:19)
    at D:\Documents\S6\ASW\Practicas\dechat_es6a2\node_modules\selenium-cucumber-js\node_modules\selenium-webdriver\lib\promise.js:2199:7
    at new ManagedPromise (D:\Documents\S6\ASW\Practicas\dechat_es6a2\node_modules\selenium-cucumber-js\node_modules\selenium-webdriver\lib\promise.js:1085:7)
    at ControlFlow.promise (D:\Documents\S6\ASW\Practicas\dechat_es6a2\node_modules\selenium-cucumber-js\node_modules\selenium-webdriver\lib\promise.js:2513:12)
    at D:\Documents\S6\ASW\Practicas\dechat_es6a2\node_modules\selenium-cucumber-js\node_modules\selenium-webdriver\lib\promise.js:2198:22
    at TaskQueue.execute_ (D:\Documents\S6\ASW\Practicas\dechat_es6a2\node_modules\selenium-cucumber-js\node_modules\selenium-webdriver\lib\promise.js:3092:14)
    at TaskQueue.executeNext_ (D:\Documents\S6\ASW\Practicas\dechat_es6a2\node_modules\selenium-cucumber-js\node_modules\selenium-webdriver\lib\promise.js:3075:27)
    at asyncRun (D:\Documents\S6\ASW\Practicas\dechat_es6a2\node_modules\selenium-cucumber-js\node_modules\selenium-webdriver\lib\promise.js:2982:25)
    at D:\Documents\S6\ASW\Practicas\dechat_es6a2\node_modules\selenium-cucumber-js\node_modules\selenium-webdriver\lib\promise.js:676:7
    at process._tickCallback (internal/process/next_tick.js:68:7)
From: Task: Waiting for element to be located By(css selector, body)
    at scheduleWait (D:\Documents\S6\ASW\Practicas\dechat_es6a2\node_modules\selenium-cucumber-js\node_modules\selenium-webdriver\lib\promise.js:2196:20)
    at ControlFlow.wait (D:\Documents\S6\ASW\Practicas\dechat_es6a2\node_modules\selenium-cucumber-js\node_modules\selenium-webdriver\lib\promise.js:2525:12)
    at thenableWebDriverProxy.wait (D:\Documents\S6\ASW\Practicas\dechat_es6a2\node_modules\selenium-cucumber-js\node_modules\selenium-webdriver\lib\webdriver.js:934:29)
    at D:\Documents\S6\ASW\Practicas\dechat_es6a2\node_modules\selenium-cucumber-js\runtime\helpers.js:20:27
    at ManagedPromise.invokeCallback_ (D:\Documents\S6\ASW\Practicas\dechat_es6a2\node_modules\selenium-cucumber-js\node_modules\selenium-webdriver\lib\promise.js:1384:14)
    at TaskQueue.execute_ (D:\Documents\S6\ASW\Practicas\dechat_es6a2\node_modules\selenium-cucumber-js\node_modules\selenium-webdriver\lib\promise.js:3092:14)
    at TaskQueue.executeNext_ (D:\Documents\S6\ASW\Practicas\dechat_es6a2\node_modules\selenium-cucumber-js\node_modules\selenium-webdriver\lib\promise.js:3075:27)
    at asyncRun (D:\Documents\S6\ASW\Practicas\dechat_es6a2\node_modules\selenium-cucumber-js\node_modules\selenium-webdriver\lib\promise.js:2935:27)
    at D:\Documents\S6\ASW\Practicas\dechat_es6a2\node_modules\selenium-cucumber-js\node_modules\selenium-webdriver\lib\promise.js:676:7
    at process._tickCallback (internal/process/next_tick.js:68:7)</failure>
        </testcase>
        <testcase name="Then I get &quot;2&quot; in the result" classname="google-search-testing;i-evaluate-search-for-sum-of-1+1">
            <skipped message="">
            </skipped>
        </testcase>
    </testsuite>
</testsuites>